<?xml version="1.0" encoding="UTF-8"?>
<testsuites name="Mocha Tests" time="4.846" tests="2" failures="0">
  <testsuite name="Root Suite" timestamp="2018-05-03T16:50:55" tests="0" failures="0" time="0">
  </testsuite>
  <testsuite name="Hiptest Demo" timestamp="2018-05-03T16:50:55" tests="2" file="/Users/sahilchaddha/Projects/kriti_hiptest/Hiptest-Demo/project_test.js" failures="0" time="4.846">
    <testcase name="Hiptest Demo User can search for services in location (uid:74104d80-b0a9-43aa-8085-b5ab9b512fea)" time="2.684" classname="User can search for services in location (uid:74104d80-b0a9-43aa-8085-b5ab9b512fea)">
    </testcase>
    <testcase name="Hiptest Demo User Services Location Not Found (uid:955cbe71-8c39-4bf2-954a-b656ce1f75bc)" time="2.162" classname="User Services Location Not Found (uid:955cbe71-8c39-4bf2-954a-b656ce1f75bc)">
    </testcase>
  </testsuite>
</testsuites>